{"C:\\Users\\Djanilson\\Desktop\\Bootcamp_GoStack02\\gobarbermobile\\src\\components\\Button\\index.tsx": {"path":"C:\\Users\\Djanilson\\Desktop\\Bootcamp_GoStack02\\gobarbermobile\\src\\components\\Button\\index.tsx","statementMap":{"0":{"start":{"line":10,"column":38},"end":{"line":14,"column":1}},"1":{"start":{"line":11,"column":2},"end":{"line":13,"column":14}}},"fnMap":{"0":{"name":"(anonymous_0)","decl":{"start":{"line":10,"column":38},"end":{"line":10,"column":39}},"loc":{"start":{"line":11,"column":2},"end":{"line":13,"column":14}},"line":11}},"branchMap":{},"s":{"0":1,"1":1},"f":{"0":1},"b":{},"_coverageSchema":"43e27e138ebf9cfc5966b082cf9a028302ed4184","hash":"7c254438c9d66926b0fef3d306c38522f1612924"}
,"C:\\Users\\Djanilson\\Desktop\\Bootcamp_GoStack02\\gobarbermobile\\src\\components\\Input\\index.tsx": {"path":"C:\\Users\\Djanilson\\Desktop\\Bootcamp_GoStack02\\gobarbermobile\\src\\components\\Input\\index.tsx","statementMap":{"0":{"start":{"line":21,"column":66},"end":{"line":81,"column":1}},"1":{"start":{"line":23,"column":26},"end":{"line":23,"column":43}},"2":{"start":{"line":25,"column":64},"end":{"line":25,"column":78}},"3":{"start":{"line":27,"column":24},"end":{"line":27,"column":74}},"4":{"start":{"line":29,"column":36},"end":{"line":29,"column":51}},"5":{"start":{"line":30,"column":34},"end":{"line":30,"column":49}},"6":{"start":{"line":32,"column":27},"end":{"line":34,"column":8}},"7":{"start":{"line":33,"column":4},"end":{"line":33,"column":23}},"8":{"start":{"line":36,"column":26},"end":{"line":40,"column":8}},"9":{"start":{"line":37,"column":4},"end":{"line":37,"column":24}},"10":{"start":{"line":39,"column":4},"end":{"line":39,"column":47}},"11":{"start":{"line":42,"column":2},"end":{"line":46,"column":6}},"12":{"start":{"line":42,"column":33},"end":{"line":46,"column":3}},"13":{"start":{"line":44,"column":6},"end":{"line":44,"column":38}},"14":{"start":{"line":48,"column":2},"end":{"line":62,"column":33}},"15":{"start":{"line":49,"column":4},"end":{"line":61,"column":6}},"16":{"start":{"line":54,"column":8},"end":{"line":54,"column":44}},"17":{"start":{"line":55,"column":8},"end":{"line":55,"column":63}},"18":{"start":{"line":58,"column":8},"end":{"line":58,"column":41}},"19":{"start":{"line":59,"column":8},"end":{"line":59,"column":40}},"20":{"start":{"line":64,"column":2},"end":{"line":80,"column":6}},"21":{"start":{"line":75,"column":10},"end":{"line":75,"column":46}}},"fnMap":{"0":{"name":"(anonymous_0)","decl":{"start":{"line":21,"column":66},"end":{"line":21,"column":67}},"loc":{"start":{"line":22,"column":52},"end":{"line":81,"column":1}},"line":22},"1":{"name":"(anonymous_1)","decl":{"start":{"line":32,"column":39},"end":{"line":32,"column":40}},"loc":{"start":{"line":32,"column":45},"end":{"line":34,"column":3}},"line":32},"2":{"name":"(anonymous_2)","decl":{"start":{"line":36,"column":38},"end":{"line":36,"column":39}},"loc":{"start":{"line":36,"column":44},"end":{"line":40,"column":3}},"line":36},"3":{"name":"(anonymous_3)","decl":{"start":{"line":42,"column":27},"end":{"line":42,"column":28}},"loc":{"start":{"line":42,"column":33},"end":{"line":46,"column":3}},"line":42},"4":{"name":"(anonymous_4)","decl":{"start":{"line":43,"column":4},"end":{"line":43,"column":5}},"loc":{"start":{"line":43,"column":12},"end":{"line":45,"column":5}},"line":43},"5":{"name":"(anonymous_5)","decl":{"start":{"line":48,"column":12},"end":{"line":48,"column":13}},"loc":{"start":{"line":48,"column":16},"end":{"line":62,"column":3}},"line":48},"6":{"name":"(anonymous_6)","decl":{"start":{"line":53,"column":6},"end":{"line":53,"column":7}},"loc":{"start":{"line":53,"column":32},"end":{"line":56,"column":7}},"line":53},"7":{"name":"(anonymous_7)","decl":{"start":{"line":57,"column":6},"end":{"line":57,"column":7}},"loc":{"start":{"line":57,"column":19},"end":{"line":60,"column":7}},"line":57},"8":{"name":"(anonymous_8)","decl":{"start":{"line":74,"column":24},"end":{"line":74,"column":25}},"loc":{"start":{"line":74,"column":35},"end":{"line":76,"column":9}},"line":74}},"branchMap":{"0":{"loc":{"start":{"line":22,"column":15},"end":{"line":22,"column":33}},"type":"default-arg","locations":[{"start":{"line":22,"column":31},"end":{"line":22,"column":33}}],"line":22},"1":{"loc":{"start":{"line":25,"column":25},"end":{"line":25,"column":42}},"type":"default-arg","locations":[{"start":{"line":25,"column":40},"end":{"line":25,"column":42}}],"line":25},"2":{"loc":{"start":{"line":66,"column":41},"end":{"line":66,"column":84}},"type":"cond-expr","locations":[{"start":{"line":66,"column":64},"end":{"line":66,"column":73}},{"start":{"line":66,"column":75},"end":{"line":66,"column":84}}],"line":66},"3":{"loc":{"start":{"line":66,"column":41},"end":{"line":66,"column":62}},"type":"binary-expr","locations":[{"start":{"line":66,"column":41},"end":{"line":66,"column":50}},{"start":{"line":66,"column":54},"end":{"line":66,"column":62}}],"line":66}},"s":{"0":1,"1":2,"2":2,"3":2,"4":2,"5":2,"6":2,"7":0,"8":2,"9":0,"10":0,"11":2,"12":1,"13":0,"14":2,"15":2,"16":0,"17":0,"18":0,"19":0,"20":2,"21":0},"f":{"0":2,"1":0,"2":0,"3":1,"4":0,"5":2,"6":0,"7":0,"8":0},"b":{"0":[2],"1":[2],"2":[0,2],"3":[2,2]},"_coverageSchema":"43e27e138ebf9cfc5966b082cf9a028302ed4184","hash":"cce181754f1685088b9487bcd265c99544793ff8"}
,"C:\\Users\\Djanilson\\Desktop\\Bootcamp_GoStack02\\gobarbermobile\\src\\hooks\\auth.tsx": {"path":"C:\\Users\\Djanilson\\Desktop\\Bootcamp_GoStack02\\gobarbermobile\\src\\hooks\\auth.tsx","statementMap":{"0":{"start":{"line":30,"column":20},"end":{"line":30,"column":73}},"1":{"start":{"line":32,"column":31},"end":{"line":99,"column":1}},"2":{"start":{"line":33,"column":26},"end":{"line":33,"column":62}},"3":{"start":{"line":34,"column":32},"end":{"line":34,"column":46}},"4":{"start":{"line":36,"column":2},"end":{"line":54,"column":8}},"5":{"start":{"line":41,"column":26},"end":{"line":44,"column":6}},"6":{"start":{"line":46,"column":4},"end":{"line":50,"column":5}},"7":{"start":{"line":47,"column":6},"end":{"line":47,"column":64}},"8":{"start":{"line":49,"column":6},"end":{"line":49,"column":61}},"9":{"start":{"line":51,"column":4},"end":{"line":51,"column":22}},"10":{"start":{"line":53,"column":3},"end":{"line":53,"column":21}},"11":{"start":{"line":56,"column":17},"end":{"line":71,"column":8}},"12":{"start":{"line":57,"column":21},"end":{"line":60,"column":6}},"13":{"start":{"line":61,"column":28},"end":{"line":61,"column":41}},"14":{"start":{"line":63,"column":4},"end":{"line":66,"column":6}},"15":{"start":{"line":68,"column":4},"end":{"line":68,"column":59}},"16":{"start":{"line":70,"column":4},"end":{"line":70,"column":29}},"17":{"start":{"line":73,"column":18},"end":{"line":81,"column":8}},"18":{"start":{"line":74,"column":3},"end":{"line":77,"column":6}},"19":{"start":{"line":80,"column":4},"end":{"line":80,"column":29}},"20":{"start":{"line":83,"column":21},"end":{"line":93,"column":3}},"21":{"start":{"line":85,"column":6},"end":{"line":85,"column":73}},"22":{"start":{"line":87,"column":6},"end":{"line":90,"column":9}},"23":{"start":{"line":94,"column":2},"end":{"line":98,"column":4}},"24":{"start":{"line":102,"column":18},"end":{"line":102,"column":41}},"25":{"start":{"line":104,"column":2},"end":{"line":106,"column":3}},"26":{"start":{"line":105,"column":4},"end":{"line":105,"column":67}},"27":{"start":{"line":107,"column":2},"end":{"line":107,"column":17}}},"fnMap":{"0":{"name":"(anonymous_0)","decl":{"start":{"line":32,"column":31},"end":{"line":32,"column":32}},"loc":{"start":{"line":32,"column":49},"end":{"line":99,"column":1}},"line":32},"1":{"name":"(anonymous_1)","decl":{"start":{"line":36,"column":12},"end":{"line":36,"column":13}},"loc":{"start":{"line":36,"column":18},"end":{"line":54,"column":3}},"line":36},"2":{"name":"loadStorageData","decl":{"start":{"line":37,"column":18},"end":{"line":37,"column":33}},"loc":{"start":{"line":37,"column":51},"end":{"line":52,"column":4}},"line":37},"3":{"name":"(anonymous_3)","decl":{"start":{"line":56,"column":29},"end":{"line":56,"column":30}},"loc":{"start":{"line":56,"column":60},"end":{"line":71,"column":3}},"line":56},"4":{"name":"(anonymous_4)","decl":{"start":{"line":73,"column":30},"end":{"line":73,"column":31}},"loc":{"start":{"line":73,"column":42},"end":{"line":81,"column":3}},"line":73},"5":{"name":"(anonymous_5)","decl":{"start":{"line":84,"column":4},"end":{"line":84,"column":5}},"loc":{"start":{"line":84,"column":26},"end":{"line":91,"column":5}},"line":84},"6":{"name":"useAuth","decl":{"start":{"line":101,"column":9},"end":{"line":101,"column":16}},"loc":{"start":{"line":101,"column":36},"end":{"line":108,"column":1}},"line":101}},"branchMap":{"0":{"loc":{"start":{"line":46,"column":4},"end":{"line":50,"column":5}},"type":"if","locations":[{"start":{"line":46,"column":4},"end":{"line":50,"column":5}},{"start":{"line":46,"column":4},"end":{"line":50,"column":5}}],"line":46},"1":{"loc":{"start":{"line":46,"column":7},"end":{"line":46,"column":26}},"type":"binary-expr","locations":[{"start":{"line":46,"column":7},"end":{"line":46,"column":15}},{"start":{"line":46,"column":19},"end":{"line":46,"column":26}}],"line":46},"2":{"loc":{"start":{"line":104,"column":2},"end":{"line":106,"column":3}},"type":"if","locations":[{"start":{"line":104,"column":2},"end":{"line":106,"column":3}},{"start":{"line":104,"column":2},"end":{"line":106,"column":3}}],"line":104}},"s":{"0":1,"1":1,"2":0,"3":0,"4":0,"5":0,"6":0,"7":0,"8":0,"9":0,"10":0,"11":0,"12":0,"13":0,"14":0,"15":0,"16":0,"17":0,"18":0,"19":0,"20":0,"21":0,"22":0,"23":0,"24":1,"25":1,"26":0,"27":1},"f":{"0":0,"1":0,"2":0,"3":0,"4":0,"5":0,"6":1},"b":{"0":[0,0],"1":[0,0],"2":[0,1]},"_coverageSchema":"43e27e138ebf9cfc5966b082cf9a028302ed4184","hash":"637629fa122884e85e10601e9c93e92c9cd00574"}
,"C:\\Users\\Djanilson\\Desktop\\Bootcamp_GoStack02\\gobarbermobile\\src\\pages\\AppointmentCreated\\index.tsx": {"path":"C:\\Users\\Djanilson\\Desktop\\Bootcamp_GoStack02\\gobarbermobile\\src\\pages\\AppointmentCreated\\index.tsx","statementMap":{"0":{"start":{"line":19,"column":37},"end":{"line":55,"column":1}},"1":{"start":{"line":20,"column":20},"end":{"line":20,"column":35}},"2":{"start":{"line":21,"column":21},"end":{"line":21,"column":31}},"3":{"start":{"line":23,"column":22},"end":{"line":23,"column":43}},"4":{"start":{"line":25,"column":26},"end":{"line":35,"column":13}},"5":{"start":{"line":26,"column":4},"end":{"line":33,"column":6}},"6":{"start":{"line":37,"column":24},"end":{"line":43,"column":24}},"7":{"start":{"line":38,"column":4},"end":{"line":42,"column":6}},"8":{"start":{"line":45,"column":2},"end":{"line":54,"column":3}}},"fnMap":{"0":{"name":"(anonymous_0)","decl":{"start":{"line":19,"column":37},"end":{"line":19,"column":38}},"loc":{"start":{"line":19,"column":43},"end":{"line":55,"column":1}},"line":19},"1":{"name":"(anonymous_1)","decl":{"start":{"line":25,"column":38},"end":{"line":25,"column":39}},"loc":{"start":{"line":25,"column":43},"end":{"line":35,"column":3}},"line":25},"2":{"name":"(anonymous_2)","decl":{"start":{"line":37,"column":32},"end":{"line":37,"column":33}},"loc":{"start":{"line":37,"column":37},"end":{"line":43,"column":3}},"line":37}},"branchMap":{},"s":{"0":0,"1":0,"2":0,"3":0,"4":0,"5":0,"6":0,"7":0,"8":0},"f":{"0":0,"1":0,"2":0},"b":{},"hash":"ef61351d9943527dfb2622c22ed9e41393e5cb66"}
,"C:\\Users\\Djanilson\\Desktop\\Bootcamp_GoStack02\\gobarbermobile\\src\\pages\\CreateAppointment\\index.tsx": {"path":"C:\\Users\\Djanilson\\Desktop\\Bootcamp_GoStack02\\gobarbermobile\\src\\pages\\CreateAppointment\\index.tsx","statementMap":{"0":{"start":{"line":51,"column":36},"end":{"line":242,"column":1}},"1":{"start":{"line":52,"column":20},"end":{"line":52,"column":29}},"2":{"start":{"line":53,"column":16},"end":{"line":53,"column":26}},"3":{"start":{"line":54,"column":31},"end":{"line":54,"column":46}},"4":{"start":{"line":56,"column":22},"end":{"line":56,"column":49}},"5":{"start":{"line":58,"column":48},"end":{"line":58,"column":63}},"6":{"start":{"line":59,"column":42},"end":{"line":59,"column":62}},"7":{"start":{"line":60,"column":36},"end":{"line":60,"column":60}},"8":{"start":{"line":61,"column":50},"end":{"line":61,"column":82}},"9":{"start":{"line":62,"column":42},"end":{"line":62,"column":74}},"10":{"start":{"line":63,"column":42},"end":{"line":63,"column":53}},"11":{"start":{"line":66,"column":2},"end":{"line":70,"column":9}},"12":{"start":{"line":67,"column":4},"end":{"line":69,"column":7}},"13":{"start":{"line":68,"column":6},"end":{"line":68,"column":34}},"14":{"start":{"line":73,"column":2},"end":{"line":83,"column":38}},"15":{"start":{"line":74,"column":4},"end":{"line":82,"column":6}},"16":{"start":{"line":81,"column":6},"end":{"line":81,"column":37}},"17":{"start":{"line":85,"column":23},"end":{"line":87,"column":14}},"18":{"start":{"line":86,"column":4},"end":{"line":86,"column":13}},"19":{"start":{"line":89,"column":31},"end":{"line":91,"column":7}},"20":{"start":{"line":90,"column":4},"end":{"line":90,"column":36}},"21":{"start":{"line":93,"column":33},"end":{"line":95,"column":8}},"22":{"start":{"line":94,"column":4},"end":{"line":94,"column":41}},"23":{"start":{"line":94,"column":33},"end":{"line":94,"column":39}},"24":{"start":{"line":97,"column":27},"end":{"line":107,"column":7}},"25":{"start":{"line":99,"column":4},"end":{"line":101,"column":5}},"26":{"start":{"line":100,"column":6},"end":{"line":100,"column":31}},"27":{"start":{"line":103,"column":4},"end":{"line":105,"column":5}},"28":{"start":{"line":104,"column":6},"end":{"line":104,"column":28}},"29":{"start":{"line":109,"column":30},"end":{"line":117,"column":19}},"30":{"start":{"line":110,"column":4},"end":{"line":116,"column":6}},"31":{"start":{"line":110,"column":44},"end":{"line":110,"column":53}},"32":{"start":{"line":111,"column":6},"end":{"line":115,"column":7}},"33":{"start":{"line":119,"column":32},"end":{"line":127,"column":19}},"34":{"start":{"line":120,"column":4},"end":{"line":126,"column":6}},"35":{"start":{"line":120,"column":44},"end":{"line":120,"column":54}},"36":{"start":{"line":121,"column":6},"end":{"line":125,"column":7}},"37":{"start":{"line":129,"column":27},"end":{"line":131,"column":8}},"38":{"start":{"line":130,"column":4},"end":{"line":130,"column":26}},"39":{"start":{"line":133,"column":34},"end":{"line":151,"column":62}},"40":{"start":{"line":134,"column":4},"end":{"line":150,"column":5}},"41":{"start":{"line":135,"column":19},"end":{"line":135,"column":41}},"42":{"start":{"line":136,"column":6},"end":{"line":136,"column":34}},"43":{"start":{"line":137,"column":6},"end":{"line":137,"column":25}},"44":{"start":{"line":139,"column":6},"end":{"line":142,"column":9}},"45":{"start":{"line":144,"column":6},"end":{"line":144,"column":61}},"46":{"start":{"line":146,"column":6},"end":{"line":149,"column":7}},"47":{"start":{"line":153,"column":2},"end":{"line":241,"column":3}},"48":{"start":{"line":168,"column":36},"end":{"line":168,"column":47}},"49":{"start":{"line":170,"column":12},"end":{"line":177,"column":32}},"50":{"start":{"line":171,"column":28},"end":{"line":171,"column":61}},"51":{"start":{"line":205,"column":13},"end":{"line":213,"column":21}},"52":{"start":{"line":208,"column":28},"end":{"line":208,"column":50}},"53":{"start":{"line":222,"column":12},"end":{"line":230,"column":19}},"54":{"start":{"line":225,"column":28},"end":{"line":225,"column":50}}},"fnMap":{"0":{"name":"(anonymous_0)","decl":{"start":{"line":51,"column":36},"end":{"line":51,"column":37}},"loc":{"start":{"line":51,"column":42},"end":{"line":242,"column":1}},"line":51},"1":{"name":"(anonymous_1)","decl":{"start":{"line":66,"column":12},"end":{"line":66,"column":13}},"loc":{"start":{"line":66,"column":17},"end":{"line":70,"column":3}},"line":66},"2":{"name":"(anonymous_2)","decl":{"start":{"line":67,"column":30},"end":{"line":67,"column":31}},"loc":{"start":{"line":67,"column":42},"end":{"line":69,"column":5}},"line":67},"3":{"name":"(anonymous_3)","decl":{"start":{"line":73,"column":12},"end":{"line":73,"column":13}},"loc":{"start":{"line":73,"column":18},"end":{"line":83,"column":3}},"line":73},"4":{"name":"(anonymous_4)","decl":{"start":{"line":80,"column":12},"end":{"line":80,"column":13}},"loc":{"start":{"line":80,"column":24},"end":{"line":82,"column":5}},"line":80},"5":{"name":"(anonymous_5)","decl":{"start":{"line":85,"column":35},"end":{"line":85,"column":36}},"loc":{"start":{"line":85,"column":41},"end":{"line":87,"column":3}},"line":85},"6":{"name":"(anonymous_6)","decl":{"start":{"line":89,"column":43},"end":{"line":89,"column":44}},"loc":{"start":{"line":89,"column":66},"end":{"line":91,"column":3}},"line":89},"7":{"name":"(anonymous_7)","decl":{"start":{"line":93,"column":45},"end":{"line":93,"column":46}},"loc":{"start":{"line":93,"column":51},"end":{"line":95,"column":3}},"line":93},"8":{"name":"(anonymous_8)","decl":{"start":{"line":94,"column":22},"end":{"line":94,"column":23}},"loc":{"start":{"line":94,"column":33},"end":{"line":94,"column":39}},"line":94},"9":{"name":"(anonymous_9)","decl":{"start":{"line":98,"column":4},"end":{"line":98,"column":5}},"loc":{"start":{"line":98,"column":44},"end":{"line":107,"column":3}},"line":98},"10":{"name":"(anonymous_10)","decl":{"start":{"line":109,"column":38},"end":{"line":109,"column":39}},"loc":{"start":{"line":109,"column":43},"end":{"line":117,"column":3}},"line":109},"11":{"name":"(anonymous_11)","decl":{"start":{"line":110,"column":31},"end":{"line":110,"column":32}},"loc":{"start":{"line":110,"column":44},"end":{"line":110,"column":53}},"line":110},"12":{"name":"(anonymous_12)","decl":{"start":{"line":110,"column":59},"end":{"line":110,"column":60}},"loc":{"start":{"line":110,"column":84},"end":{"line":116,"column":5}},"line":110},"13":{"name":"(anonymous_13)","decl":{"start":{"line":119,"column":40},"end":{"line":119,"column":41}},"loc":{"start":{"line":119,"column":45},"end":{"line":127,"column":3}},"line":119},"14":{"name":"(anonymous_14)","decl":{"start":{"line":120,"column":31},"end":{"line":120,"column":32}},"loc":{"start":{"line":120,"column":44},"end":{"line":120,"column":54}},"line":120},"15":{"name":"(anonymous_15)","decl":{"start":{"line":120,"column":60},"end":{"line":120,"column":61}},"loc":{"start":{"line":120,"column":85},"end":{"line":126,"column":5}},"line":120},"16":{"name":"(anonymous_16)","decl":{"start":{"line":129,"column":39},"end":{"line":129,"column":40}},"loc":{"start":{"line":129,"column":57},"end":{"line":131,"column":3}},"line":129},"17":{"name":"(anonymous_17)","decl":{"start":{"line":133,"column":46},"end":{"line":133,"column":47}},"loc":{"start":{"line":133,"column":58},"end":{"line":151,"column":3}},"line":133},"18":{"name":"(anonymous_18)","decl":{"start":{"line":168,"column":22},"end":{"line":168,"column":23}},"loc":{"start":{"line":168,"column":36},"end":{"line":168,"column":47}},"line":168},"19":{"name":"(anonymous_19)","decl":{"start":{"line":169,"column":22},"end":{"line":169,"column":23}},"loc":{"start":{"line":170,"column":12},"end":{"line":177,"column":32}},"line":170},"20":{"name":"(anonymous_20)","decl":{"start":{"line":171,"column":23},"end":{"line":171,"column":24}},"loc":{"start":{"line":171,"column":28},"end":{"line":171,"column":61}},"line":171},"21":{"name":"(anonymous_21)","decl":{"start":{"line":204,"column":37},"end":{"line":204,"column":38}},"loc":{"start":{"line":205,"column":13},"end":{"line":213,"column":21}},"line":205},"22":{"name":"(anonymous_22)","decl":{"start":{"line":208,"column":23},"end":{"line":208,"column":24}},"loc":{"start":{"line":208,"column":28},"end":{"line":208,"column":50}},"line":208},"23":{"name":"(anonymous_23)","decl":{"start":{"line":221,"column":37},"end":{"line":221,"column":38}},"loc":{"start":{"line":222,"column":12},"end":{"line":230,"column":19}},"line":222},"24":{"name":"(anonymous_24)","decl":{"start":{"line":225,"column":23},"end":{"line":225,"column":24}},"loc":{"start":{"line":225,"column":28},"end":{"line":225,"column":50}},"line":225}},"branchMap":{"0":{"loc":{"start":{"line":99,"column":4},"end":{"line":101,"column":5}},"type":"if","locations":[{"start":{"line":99,"column":4},"end":{"line":101,"column":5}},{"start":{"line":99,"column":4},"end":{"line":101,"column":5}}],"line":99},"1":{"loc":{"start":{"line":103,"column":4},"end":{"line":105,"column":5}},"type":"if","locations":[{"start":{"line":103,"column":4},"end":{"line":105,"column":5}},{"start":{"line":103,"column":4},"end":{"line":105,"column":5}}],"line":103},"2":{"loc":{"start":{"line":188,"column":9},"end":{"line":196,"column":9}},"type":"binary-expr","locations":[{"start":{"line":188,"column":9},"end":{"line":188,"column":23}},{"start":{"line":189,"column":10},"end":{"line":195,"column":12}}],"line":188}},"s":{"0":0,"1":0,"2":0,"3":0,"4":0,"5":0,"6":0,"7":0,"8":0,"9":0,"10":0,"11":0,"12":0,"13":0,"14":0,"15":0,"16":0,"17":0,"18":0,"19":0,"20":0,"21":0,"22":0,"23":0,"24":0,"25":0,"26":0,"27":0,"28":0,"29":0,"30":0,"31":0,"32":0,"33":0,"34":0,"35":0,"36":0,"37":0,"38":0,"39":0,"40":0,"41":0,"42":0,"43":0,"44":0,"45":0,"46":0,"47":0,"48":0,"49":0,"50":0,"51":0,"52":0,"53":0,"54":0},"f":{"0":0,"1":0,"2":0,"3":0,"4":0,"5":0,"6":0,"7":0,"8":0,"9":0,"10":0,"11":0,"12":0,"13":0,"14":0,"15":0,"16":0,"17":0,"18":0,"19":0,"20":0,"21":0,"22":0,"23":0,"24":0},"b":{"0":[0,0],"1":[0,0],"2":[0,0]},"hash":"e80f077616ff23165711882fdad8df375918f7f1"}
,"C:\\Users\\Djanilson\\Desktop\\Bootcamp_GoStack02\\gobarbermobile\\src\\pages\\Dashboard\\index.tsx": {"path":"C:\\Users\\Djanilson\\Desktop\\Bootcamp_GoStack02\\gobarbermobile\\src\\pages\\Dashboard\\index.tsx","statementMap":{"0":{"start":{"line":31,"column":28},"end":{"line":90,"column":1}},"1":{"start":{"line":32,"column":36},"end":{"line":32,"column":60}},"2":{"start":{"line":34,"column":28},"end":{"line":34,"column":37}},"3":{"start":{"line":35,"column":23},"end":{"line":35,"column":38}},"4":{"start":{"line":37,"column":0},"end":{"line":41,"column":7}},"5":{"start":{"line":38,"column":2},"end":{"line":40,"column":5}},"6":{"start":{"line":39,"column":4},"end":{"line":39,"column":32}},"7":{"start":{"line":43,"column":28},"end":{"line":47,"column":8}},"8":{"start":{"line":45,"column":4},"end":{"line":45,"column":24}},"9":{"start":{"line":49,"column":38},"end":{"line":51,"column":16}},"10":{"start":{"line":50,"column":4},"end":{"line":50,"column":48}},"11":{"start":{"line":53,"column":2},"end":{"line":89,"column":3}},"12":{"start":{"line":67,"column":42},"end":{"line":67,"column":53}},"13":{"start":{"line":72,"column":14},"end":{"line":85,"column":34}},"14":{"start":{"line":72,"column":48},"end":{"line":72,"column":88}}},"fnMap":{"0":{"name":"(anonymous_0)","decl":{"start":{"line":31,"column":28},"end":{"line":31,"column":29}},"loc":{"start":{"line":31,"column":34},"end":{"line":90,"column":1}},"line":31},"1":{"name":"(anonymous_1)","decl":{"start":{"line":37,"column":10},"end":{"line":37,"column":11}},"loc":{"start":{"line":37,"column":15},"end":{"line":41,"column":1}},"line":37},"2":{"name":"(anonymous_2)","decl":{"start":{"line":38,"column":28},"end":{"line":38,"column":29}},"loc":{"start":{"line":38,"column":40},"end":{"line":40,"column":3}},"line":38},"3":{"name":"(anonymous_3)","decl":{"start":{"line":43,"column":40},"end":{"line":43,"column":41}},"loc":{"start":{"line":43,"column":46},"end":{"line":47,"column":3}},"line":43},"4":{"name":"(anonymous_4)","decl":{"start":{"line":49,"column":50},"end":{"line":49,"column":51}},"loc":{"start":{"line":49,"column":74},"end":{"line":51,"column":3}},"line":49},"5":{"name":"(anonymous_5)","decl":{"start":{"line":67,"column":28},"end":{"line":67,"column":29}},"loc":{"start":{"line":67,"column":42},"end":{"line":67,"column":53}},"line":67},"6":{"name":"(anonymous_6)","decl":{"start":{"line":71,"column":26},"end":{"line":71,"column":27}},"loc":{"start":{"line":72,"column":14},"end":{"line":85,"column":34}},"line":72},"7":{"name":"(anonymous_7)","decl":{"start":{"line":72,"column":42},"end":{"line":72,"column":43}},"loc":{"start":{"line":72,"column":48},"end":{"line":72,"column":88}},"line":72}},"branchMap":{},"s":{"0":0,"1":0,"2":0,"3":0,"4":0,"5":0,"6":0,"7":0,"8":0,"9":0,"10":0,"11":0,"12":0,"13":0,"14":0},"f":{"0":0,"1":0,"2":0,"3":0,"4":0,"5":0,"6":0,"7":0},"b":{},"hash":"8d3894130baad1c9203f8f08ca99d8c812d761cf"}
,"C:\\Users\\Djanilson\\Desktop\\Bootcamp_GoStack02\\gobarbermobile\\src\\pages\\Profile\\index.tsx": {"path":"C:\\Users\\Djanilson\\Desktop\\Bootcamp_GoStack02\\gobarbermobile\\src\\pages\\Profile\\index.tsx","statementMap":{"0":{"start":{"line":39,"column":26},"end":{"line":254,"column":1}},"1":{"start":{"line":40,"column":29},"end":{"line":40,"column":38}},"2":{"start":{"line":41,"column":18},"end":{"line":41,"column":43}},"3":{"start":{"line":43,"column":21},"end":{"line":43,"column":36}},"4":{"start":{"line":45,"column":24},"end":{"line":45,"column":47}},"5":{"start":{"line":46,"column":30},"end":{"line":46,"column":53}},"6":{"start":{"line":47,"column":27},"end":{"line":47,"column":50}},"7":{"start":{"line":48,"column":34},"end":{"line":48,"column":57}},"8":{"start":{"line":50,"column":23},"end":{"line":127,"column":3}},"9":{"start":{"line":52,"column":6},"end":{"line":124,"column":7}},"10":{"start":{"line":53,"column":8},"end":{"line":53,"column":39}},"11":{"start":{"line":54,"column":23},"end":{"line":75,"column":10}},"12":{"start":{"line":61,"column":25},"end":{"line":61,"column":37}},"13":{"start":{"line":67,"column":27},"end":{"line":67,"column":39}},"14":{"start":{"line":77,"column":8},"end":{"line":79,"column":11}},"15":{"start":{"line":88,"column":12},"end":{"line":88,"column":16}},"16":{"start":{"line":90,"column":25},"end":{"line":100,"column":9}},"17":{"start":{"line":103,"column":25},"end":{"line":103,"column":60}},"18":{"start":{"line":105,"column":8},"end":{"line":105,"column":34}},"19":{"start":{"line":107,"column":8},"end":{"line":109,"column":10}},"20":{"start":{"line":110,"column":8},"end":{"line":110,"column":28}},"21":{"start":{"line":113,"column":8},"end":{"line":118,"column":9}},"22":{"start":{"line":114,"column":25},"end":{"line":114,"column":49}},"23":{"start":{"line":115,"column":10},"end":{"line":115,"column":45}},"24":{"start":{"line":117,"column":10},"end":{"line":117,"column":17}},"25":{"start":{"line":120,"column":8},"end":{"line":123,"column":10}},"26":{"start":{"line":129,"column":23},"end":{"line":131,"column":18}},"27":{"start":{"line":130,"column":4},"end":{"line":130,"column":24}},"28":{"start":{"line":133,"column":29},"end":{"line":163,"column":27}},"29":{"start":{"line":134,"column":4},"end":{"line":162,"column":6}},"30":{"start":{"line":140,"column":6},"end":{"line":142,"column":7}},"31":{"start":{"line":141,"column":7},"end":{"line":141,"column":14}},"32":{"start":{"line":143,"column":6},"end":{"line":147,"column":7}},"33":{"start":{"line":144,"column":8},"end":{"line":144,"column":59}},"34":{"start":{"line":145,"column":8},"end":{"line":145,"column":53}},"35":{"start":{"line":146,"column":8},"end":{"line":146,"column":15}},"36":{"start":{"line":148,"column":23},"end":{"line":148,"column":42}},"37":{"start":{"line":150,"column":21},"end":{"line":150,"column":35}},"38":{"start":{"line":152,"column":6},"end":{"line":156,"column":9}},"39":{"start":{"line":158,"column":6},"end":{"line":160,"column":9}},"40":{"start":{"line":159,"column":8},"end":{"line":159,"column":37}},"41":{"start":{"line":165,"column":2},"end":{"line":253,"column":4}},"42":{"start":{"line":194,"column":14},"end":{"line":194,"column":45}},"43":{"start":{"line":207,"column":14},"end":{"line":207,"column":51}},"44":{"start":{"line":219,"column":35},"end":{"line":219,"column":69}},"45":{"start":{"line":229,"column":35},"end":{"line":229,"column":76}},"46":{"start":{"line":239,"column":35},"end":{"line":239,"column":64}},"47":{"start":{"line":243,"column":14},"end":{"line":243,"column":44}}},"fnMap":{"0":{"name":"(anonymous_0)","decl":{"start":{"line":39,"column":26},"end":{"line":39,"column":27}},"loc":{"start":{"line":39,"column":32},"end":{"line":254,"column":1}},"line":39},"1":{"name":"(anonymous_1)","decl":{"start":{"line":51,"column":4},"end":{"line":51,"column":5}},"loc":{"start":{"line":51,"column":37},"end":{"line":125,"column":5}},"line":51},"2":{"name":"(anonymous_2)","decl":{"start":{"line":61,"column":16},"end":{"line":61,"column":17}},"loc":{"start":{"line":61,"column":25},"end":{"line":61,"column":37}},"line":61},"3":{"name":"(anonymous_3)","decl":{"start":{"line":67,"column":18},"end":{"line":67,"column":19}},"loc":{"start":{"line":67,"column":27},"end":{"line":67,"column":39}},"line":67},"4":{"name":"(anonymous_4)","decl":{"start":{"line":129,"column":35},"end":{"line":129,"column":36}},"loc":{"start":{"line":129,"column":41},"end":{"line":131,"column":3}},"line":129},"5":{"name":"(anonymous_5)","decl":{"start":{"line":133,"column":41},"end":{"line":133,"column":42}},"loc":{"start":{"line":133,"column":47},"end":{"line":163,"column":3}},"line":133},"6":{"name":"(anonymous_6)","decl":{"start":{"line":139,"column":7},"end":{"line":139,"column":8}},"loc":{"start":{"line":139,"column":19},"end":{"line":161,"column":5}},"line":139},"7":{"name":"(anonymous_7)","decl":{"start":{"line":158,"column":43},"end":{"line":158,"column":44}},"loc":{"start":{"line":158,"column":60},"end":{"line":160,"column":7}},"line":158},"8":{"name":"(anonymous_8)","decl":{"start":{"line":193,"column":31},"end":{"line":193,"column":32}},"loc":{"start":{"line":193,"column":37},"end":{"line":195,"column":13}},"line":193},"9":{"name":"(anonymous_9)","decl":{"start":{"line":206,"column":31},"end":{"line":206,"column":32}},"loc":{"start":{"line":206,"column":37},"end":{"line":208,"column":13}},"line":206},"10":{"name":"(anonymous_10)","decl":{"start":{"line":219,"column":29},"end":{"line":219,"column":30}},"loc":{"start":{"line":219,"column":34},"end":{"line":219,"column":70}},"line":219},"11":{"name":"(anonymous_11)","decl":{"start":{"line":229,"column":29},"end":{"line":229,"column":30}},"loc":{"start":{"line":229,"column":34},"end":{"line":229,"column":77}},"line":229},"12":{"name":"(anonymous_12)","decl":{"start":{"line":239,"column":29},"end":{"line":239,"column":30}},"loc":{"start":{"line":239,"column":35},"end":{"line":239,"column":64}},"line":239},"13":{"name":"(anonymous_13)","decl":{"start":{"line":242,"column":27},"end":{"line":242,"column":28}},"loc":{"start":{"line":242,"column":33},"end":{"line":244,"column":11}},"line":242}},"branchMap":{"0":{"loc":{"start":{"line":93,"column":14},"end":{"line":99,"column":16}},"type":"cond-expr","locations":[{"start":{"line":94,"column":14},"end":{"line":98,"column":15}},{"start":{"line":99,"column":14},"end":{"line":99,"column":16}}],"line":93},"1":{"loc":{"start":{"line":113,"column":8},"end":{"line":118,"column":9}},"type":"if","locations":[{"start":{"line":113,"column":8},"end":{"line":118,"column":9}},{"start":{"line":113,"column":8},"end":{"line":118,"column":9}}],"line":113},"2":{"loc":{"start":{"line":140,"column":6},"end":{"line":142,"column":7}},"type":"if","locations":[{"start":{"line":140,"column":6},"end":{"line":142,"column":7}},{"start":{"line":140,"column":6},"end":{"line":142,"column":7}}],"line":140},"3":{"loc":{"start":{"line":143,"column":6},"end":{"line":147,"column":7}},"type":"if","locations":[{"start":{"line":143,"column":6},"end":{"line":147,"column":7}},{"start":{"line":143,"column":6},"end":{"line":147,"column":7}}],"line":143},"4":{"loc":{"start":{"line":169,"column":18},"end":{"line":169,"column":61}},"type":"cond-expr","locations":[{"start":{"line":169,"column":41},"end":{"line":169,"column":50}},{"start":{"line":169,"column":52},"end":{"line":169,"column":61}}],"line":169}},"s":{"0":0,"1":0,"2":0,"3":0,"4":0,"5":0,"6":0,"7":0,"8":0,"9":0,"10":0,"11":0,"12":0,"13":0,"14":0,"15":0,"16":0,"17":0,"18":0,"19":0,"20":0,"21":0,"22":0,"23":0,"24":0,"25":0,"26":0,"27":0,"28":0,"29":0,"30":0,"31":0,"32":0,"33":0,"34":0,"35":0,"36":0,"37":0,"38":0,"39":0,"40":0,"41":0,"42":0,"43":0,"44":0,"45":0,"46":0,"47":0},"f":{"0":0,"1":0,"2":0,"3":0,"4":0,"5":0,"6":0,"7":0,"8":0,"9":0,"10":0,"11":0,"12":0,"13":0},"b":{"0":[0,0],"1":[0,0],"2":[0,0],"3":[0,0],"4":[0,0]},"hash":"d724071c9c432d28d2341e4deabcd94007b53846"}
,"C:\\Users\\Djanilson\\Desktop\\Bootcamp_GoStack02\\gobarbermobile\\src\\pages\\SignIn\\index.tsx": {"path":"C:\\Users\\Djanilson\\Desktop\\Bootcamp_GoStack02\\gobarbermobile\\src\\pages\\SignIn\\index.tsx","statementMap":{"0":{"start":{"line":29,"column":25},"end":{"line":143,"column":1}},"1":{"start":{"line":30,"column":18},"end":{"line":30,"column":43}},"2":{"start":{"line":31,"column":27},"end":{"line":31,"column":50}},"3":{"start":{"line":33,"column":21},"end":{"line":33,"column":36}},"4":{"start":{"line":35,"column":21},"end":{"line":35,"column":30}},"5":{"start":{"line":37,"column":23},"end":{"line":72,"column":3}},"6":{"start":{"line":39,"column":6},"end":{"line":69,"column":7}},"7":{"start":{"line":40,"column":8},"end":{"line":40,"column":39}},"8":{"start":{"line":41,"column":23},"end":{"line":46,"column":10}},"9":{"start":{"line":48,"column":8},"end":{"line":50,"column":11}},"10":{"start":{"line":52,"column":8},"end":{"line":55,"column":11}},"11":{"start":{"line":58,"column":8},"end":{"line":63,"column":9}},"12":{"start":{"line":59,"column":25},"end":{"line":59,"column":49}},"13":{"start":{"line":60,"column":10},"end":{"line":60,"column":45}},"14":{"start":{"line":62,"column":10},"end":{"line":62,"column":17}},"15":{"start":{"line":65,"column":8},"end":{"line":68,"column":12}},"16":{"start":{"line":75,"column":2},"end":{"line":142,"column":4}},"17":{"start":{"line":103,"column":16},"end":{"line":103,"column":50}},"18":{"start":{"line":114,"column":16},"end":{"line":114,"column":46}},"19":{"start":{"line":120,"column":14},"end":{"line":120,"column":44}},"20":{"start":{"line":135,"column":39},"end":{"line":135,"column":68}}},"fnMap":{"0":{"name":"(anonymous_0)","decl":{"start":{"line":29,"column":25},"end":{"line":29,"column":26}},"loc":{"start":{"line":29,"column":31},"end":{"line":143,"column":1}},"line":29},"1":{"name":"(anonymous_1)","decl":{"start":{"line":38,"column":4},"end":{"line":38,"column":5}},"loc":{"start":{"line":38,"column":36},"end":{"line":70,"column":5}},"line":38},"2":{"name":"(anonymous_2)","decl":{"start":{"line":102,"column":33},"end":{"line":102,"column":34}},"loc":{"start":{"line":102,"column":37},"end":{"line":104,"column":15}},"line":102},"3":{"name":"(anonymous_3)","decl":{"start":{"line":113,"column":33},"end":{"line":113,"column":34}},"loc":{"start":{"line":113,"column":39},"end":{"line":115,"column":15}},"line":113},"4":{"name":"(anonymous_4)","decl":{"start":{"line":119,"column":29},"end":{"line":119,"column":30}},"loc":{"start":{"line":119,"column":35},"end":{"line":121,"column":13}},"line":119},"5":{"name":"(anonymous_5)","decl":{"start":{"line":127,"column":33},"end":{"line":127,"column":34}},"loc":{"start":{"line":127,"column":37},"end":{"line":127,"column":39}},"line":127},"6":{"name":"(anonymous_6)","decl":{"start":{"line":135,"column":34},"end":{"line":135,"column":35}},"loc":{"start":{"line":135,"column":39},"end":{"line":135,"column":68}},"line":135}},"branchMap":{"0":{"loc":{"start":{"line":58,"column":8},"end":{"line":63,"column":9}},"type":"if","locations":[{"start":{"line":58,"column":8},"end":{"line":63,"column":9}},{"start":{"line":58,"column":8},"end":{"line":63,"column":9}}],"line":58},"1":{"loc":{"start":{"line":79,"column":14},"end":{"line":79,"column":57}},"type":"cond-expr","locations":[{"start":{"line":79,"column":37},"end":{"line":79,"column":46}},{"start":{"line":79,"column":48},"end":{"line":79,"column":57}}],"line":79}},"s":{"0":1,"1":1,"2":1,"3":1,"4":1,"5":1,"6":0,"7":0,"8":0,"9":0,"10":0,"11":0,"12":0,"13":0,"14":0,"15":0,"16":1,"17":0,"18":0,"19":0,"20":0},"f":{"0":1,"1":0,"2":0,"3":0,"4":0,"5":0,"6":0},"b":{"0":[0,0],"1":[1,0]},"_coverageSchema":"43e27e138ebf9cfc5966b082cf9a028302ed4184","hash":"2e9debf8c0e57aa43753d04b4c92cb52dfae533c"}
,"C:\\Users\\Djanilson\\Desktop\\Bootcamp_GoStack02\\gobarbermobile\\src\\pages\\SignUp\\index.tsx": {"path":"C:\\Users\\Djanilson\\Desktop\\Bootcamp_GoStack02\\gobarbermobile\\src\\pages\\SignUp\\index.tsx","statementMap":{"0":{"start":{"line":30,"column":25},"end":{"line":150,"column":1}},"1":{"start":{"line":31,"column":18},"end":{"line":31,"column":43}},"2":{"start":{"line":33,"column":21},"end":{"line":33,"column":36}},"3":{"start":{"line":35,"column":24},"end":{"line":35,"column":47}},"4":{"start":{"line":36,"column":27},"end":{"line":36,"column":50}},"5":{"start":{"line":38,"column":23},"end":{"line":76,"column":3}},"6":{"start":{"line":40,"column":6},"end":{"line":73,"column":7}},"7":{"start":{"line":41,"column":8},"end":{"line":41,"column":39}},"8":{"start":{"line":42,"column":23},"end":{"line":48,"column":10}},"9":{"start":{"line":50,"column":8},"end":{"line":52,"column":11}},"10":{"start":{"line":54,"column":8},"end":{"line":54,"column":39}},"11":{"start":{"line":55,"column":8},"end":{"line":58,"column":10}},"12":{"start":{"line":59,"column":8},"end":{"line":59,"column":38}},"13":{"start":{"line":62,"column":8},"end":{"line":67,"column":9}},"14":{"start":{"line":63,"column":25},"end":{"line":63,"column":49}},"15":{"start":{"line":64,"column":10},"end":{"line":64,"column":45}},"16":{"start":{"line":66,"column":10},"end":{"line":66,"column":17}},"17":{"start":{"line":69,"column":8},"end":{"line":72,"column":10}},"18":{"start":{"line":78,"column":2},"end":{"line":149,"column":4}},"19":{"start":{"line":103,"column":14},"end":{"line":103,"column":45}},"20":{"start":{"line":117,"column":14},"end":{"line":117,"column":48}},"21":{"start":{"line":129,"column":35},"end":{"line":129,"column":64}},"22":{"start":{"line":133,"column":14},"end":{"line":133,"column":44}},"23":{"start":{"line":142,"column":32},"end":{"line":142,"column":61}}},"fnMap":{"0":{"name":"(anonymous_0)","decl":{"start":{"line":30,"column":25},"end":{"line":30,"column":26}},"loc":{"start":{"line":30,"column":31},"end":{"line":150,"column":1}},"line":30},"1":{"name":"(anonymous_1)","decl":{"start":{"line":39,"column":4},"end":{"line":39,"column":5}},"loc":{"start":{"line":39,"column":36},"end":{"line":74,"column":5}},"line":39},"2":{"name":"(anonymous_2)","decl":{"start":{"line":102,"column":31},"end":{"line":102,"column":32}},"loc":{"start":{"line":102,"column":37},"end":{"line":104,"column":13}},"line":102},"3":{"name":"(anonymous_3)","decl":{"start":{"line":116,"column":31},"end":{"line":116,"column":32}},"loc":{"start":{"line":116,"column":37},"end":{"line":118,"column":13}},"line":116},"4":{"name":"(anonymous_4)","decl":{"start":{"line":129,"column":29},"end":{"line":129,"column":30}},"loc":{"start":{"line":129,"column":35},"end":{"line":129,"column":64}},"line":129},"5":{"name":"(anonymous_5)","decl":{"start":{"line":132,"column":27},"end":{"line":132,"column":28}},"loc":{"start":{"line":132,"column":33},"end":{"line":134,"column":11}},"line":132},"6":{"name":"(anonymous_6)","decl":{"start":{"line":142,"column":27},"end":{"line":142,"column":28}},"loc":{"start":{"line":142,"column":32},"end":{"line":142,"column":61}},"line":142}},"branchMap":{"0":{"loc":{"start":{"line":62,"column":8},"end":{"line":67,"column":9}},"type":"if","locations":[{"start":{"line":62,"column":8},"end":{"line":67,"column":9}},{"start":{"line":62,"column":8},"end":{"line":67,"column":9}}],"line":62},"1":{"loc":{"start":{"line":82,"column":14},"end":{"line":82,"column":57}},"type":"cond-expr","locations":[{"start":{"line":82,"column":37},"end":{"line":82,"column":46}},{"start":{"line":82,"column":48},"end":{"line":82,"column":57}}],"line":82}},"s":{"0":0,"1":0,"2":0,"3":0,"4":0,"5":0,"6":0,"7":0,"8":0,"9":0,"10":0,"11":0,"12":0,"13":0,"14":0,"15":0,"16":0,"17":0,"18":0,"19":0,"20":0,"21":0,"22":0,"23":0},"f":{"0":0,"1":0,"2":0,"3":0,"4":0,"5":0,"6":0},"b":{"0":[0,0],"1":[0,0]},"hash":"87a6b82103a9625e289944a8338f6876f0555537"}
}
